# JRE version: OpenJDK Runtime Environment (8.0_151-b12) (build 1.8.0_151-8u151-b12-1~deb9u1-b12)
# Java VM: OpenJDK 64-Bit Server VM (25.151-b12 mixed mode linux-amd64 compressed oops)
Heap:
 PSYoungGen      total 350208K, used 8762K [0x00000000d7000000, 0x00000000ef480000, 0x0000000100000000)
  eden space 333312K, 0% used [0x00000000d7000000,0x00000000d7000000,0x00000000eb580000)
  from space 16896K, 51% used [0x00000000ee400000,0x00000000eec8e948,0x00000000ef480000)
  to   space 32256K, 0% used [0x00000000eb580000,0x00000000eb580000,0x00000000ed500000)
 ParOldGen       total 167936K, used 115858K [0x0000000085000000, 0x000000008f400000, 0x00000000d7000000)
  object space 167936K, 68% used [0x0000000085000000,0x000000008c124860,0x000000008f400000)
 Metaspace       used 227144K, capacity 278099K, committed 278160K, reserved 1253376K
  class space    used 57251K, capacity 73313K, committed 73360K, reserved 1048576K
GC Heap History (10 events):
Event: 1821,454 GC heap after
Heap after GC invocations=57 (full 5):
 PSYoungGen      total 408064K, used 5489K [0x00000000d7000000, 0x00000000f3680000, 0x0000000100000000)
  eden space 390656K, 0% used [0x00000000d7000000,0x00000000d7000000,0x00000000eed80000)
  from space 17408K, 31% used [0x00000000f2580000,0x00000000f2adc6d8,0x00000000f3680000)
  to   space 37376K, 0% used [0x00000000eed80000,0x00000000eed80000,0x00000000f1200000)
 ParOldGen       total 167936K, used 115594K [0x0000000085000000, 0x000000008f400000, 0x00000000d7000000)
  object space 167936K, 68% used [0x0000000085000000,0x000000008c0e2860,0x000000008f400000)
 Metaspace       used 222533K, capacity 273384K, committed 273712K, reserved 1251328K
  class space    used 56120K, capacity 72153K, committed 72240K, reserved 1048576K
}
Event: 1999,727 GC heap before
{Heap before GC invocations=58 (full 5):
 PSYoungGen      total 408064K, used 396145K [0x00000000d7000000, 0x00000000f3680000, 0x0000000100000000)
  eden space 390656K, 100% used [0x00000000d7000000,0x00000000eed80000,0x00000000eed80000)
  from space 17408K, 31% used [0x00000000f2580000,0x00000000f2adc6d8,0x00000000f3680000)
  to   space 37376K, 0% used [0x00000000eed80000,0x00000000eed80000,0x00000000f1200000)
 ParOldGen       total 167936K, used 115594K [0x0000000085000000, 0x000000008f400000, 0x00000000d7000000)
  object space 167936K, 68% used [0x0000000085000000,0x000000008c0e2860,0x000000008f400000)
 Metaspace       used 222541K, capacity 273394K, committed 273712K, reserved 1251328K
  class space    used 56121K, capacity 72155K, committed 72240K, reserved 1048576K
Event: 1999,755 GC heap after
Heap after GC invocations=58 (full 5):
 PSYoungGen      total 379904K, used 4389K [0x00000000d7000000, 0x00000000f2600000, 0x0000000100000000)
  eden space 375296K, 0% used [0x00000000d7000000,0x00000000d7000000,0x00000000ede80000)
  from space 4608K, 95% used [0x00000000eed80000,0x00000000ef1c94b8,0x00000000ef200000)
  to   space 36352K, 0% used [0x00000000f0280000,0x00000000f0280000,0x00000000f2600000)
 ParOldGen       total 167936K, used 115778K [0x0000000085000000, 0x000000008f400000, 0x00000000d7000000)
  object space 167936K, 68% used [0x0000000085000000,0x000000008c110860,0x000000008f400000)
 Metaspace       used 222541K, capacity 273394K, committed 273712K, reserved 1251328K
  class space    used 56121K, capacity 72155K, committed 72240K, reserved 1048576K
}
Event: 2000,595 GC heap before
{Heap before GC invocations=59 (full 5):
 PSYoungGen      total 379904K, used 379685K [0x00000000d7000000, 0x00000000f2600000, 0x0000000100000000)
  eden space 375296K, 100% used [0x00000000d7000000,0x00000000ede80000,0x00000000ede80000)
  from space 4608K, 95% used [0x00000000eed80000,0x00000000ef1c94b8,0x00000000ef200000)
  to   space 36352K, 0% used [0x00000000f0280000,0x00000000f0280000,0x00000000f2600000)
 ParOldGen       total 167936K, used 115778K [0x0000000085000000, 0x000000008f400000, 0x00000000d7000000)
  object space 167936K, 68% used [0x0000000085000000,0x000000008c110860,0x000000008f400000)
 Metaspace       used 222541K, capacity 273394K, committed 273712K, reserved 1251328K
  class space    used 56121K, capacity 72155K, committed 72240K, reserved 1048576K
Event: 2000,608 GC heap after
Heap after GC invocations=59 (full 5):
 PSYoungGen      total 379392K, used 4131K [0x00000000d7000000, 0x00000000f1500000, 0x0000000100000000)
  eden space 360448K, 0% used [0x00000000d7000000,0x00000000d7000000,0x00000000ed000000)
  from space 18944K, 21% used [0x00000000f0280000,0x00000000f0688ef8,0x00000000f1500000)
  to   space 35328K, 0% used [0x00000000ed000000,0x00000000ed000000,0x00000000ef280000)
 ParOldGen       total 167936K, used 115810K [0x0000000085000000, 0x000000008f400000, 0x00000000d7000000)
  object space 167936K, 68% used [0x0000000085000000,0x000000008c118860,0x000000008f400000)
 Metaspace       used 222541K, capacity 273394K, committed 273712K, reserved 1251328K
  class space    used 56121K, capacity 72155K, committed 72240K, reserved 1048576K
}
Event: 2096,645 GC heap before
{Heap before GC invocations=60 (full 5):
 PSYoungGen      total 379392K, used 364579K [0x00000000d7000000, 0x00000000f1500000, 0x0000000100000000)
  eden space 360448K, 100% used [0x00000000d7000000,0x00000000ed000000,0x00000000ed000000)
  from space 18944K, 21% used [0x00000000f0280000,0x00000000f0688ef8,0x00000000f1500000)
  to   space 35328K, 0% used [0x00000000ed000000,0x00000000ed000000,0x00000000ef280000)
 ParOldGen       total 167936K, used 115810K [0x0000000085000000, 0x000000008f400000, 0x00000000d7000000)
  object space 167936K, 68% used [0x0000000085000000,0x000000008c118860,0x000000008f400000)
 Metaspace       used 222572K, capacity 273464K, committed 273712K, reserved 1251328K
  class space    used 56123K, capacity 72157K, committed 72240K, reserved 1048576K
Event: 2096,667 GC heap after
Heap after GC invocations=60 (full 5):
 PSYoungGen      total 351744K, used 4920K [0x00000000d7000000, 0x00000000f0580000, 0x0000000100000000)
  eden space 346624K, 0% used [0x00000000d7000000,0x00000000d7000000,0x00000000ec280000)
  from space 5120K, 96% used [0x00000000ed000000,0x00000000ed4ce320,0x00000000ed500000)
  to   space 34304K, 0% used [0x00000000ee400000,0x00000000ee400000,0x00000000f0580000)
 ParOldGen       total 167936K, used 115834K [0x0000000085000000, 0x000000008f400000, 0x00000000d7000000)
  object space 167936K, 68% used [0x0000000085000000,0x000000008c11e860,0x000000008f400000)
 Metaspace       used 222572K, capacity 273464K, committed 273712K, reserved 1251328K
  class space    used 56123K, capacity 72157K, committed 72240K, reserved 1048576K
}
Event: 2098,424 GC heap before
{Heap before GC invocations=61 (full 5):
 PSYoungGen      total 351744K, used 221074K [0x00000000d7000000, 0x00000000f0580000, 0x0000000100000000)
  eden space 346624K, 62% used [0x00000000d7000000,0x00000000e43165c0,0x00000000ec280000)
  from space 5120K, 96% used [0x00000000ed000000,0x00000000ed4ce320,0x00000000ed500000)
  to   space 34304K, 0% used [0x00000000ee400000,0x00000000ee400000,0x00000000f0580000)
 ParOldGen       total 167936K, used 115834K [0x0000000085000000, 0x000000008f400000, 0x00000000d7000000)
  object space 167936K, 68% used [0x0000000085000000,0x000000008c11e860,0x000000008f400000)
 Metaspace       used 227144K, capacity 278099K, committed 278160K, reserved 1253376K
  class space    used 57251K, capacity 73313K, committed 73360K, reserved 1048576K
Event: 2098,443 GC heap after
Heap after GC invocations=61 (full 5):
 PSYoungGen      total 350208K, used 8762K [0x00000000d7000000, 0x00000000ef480000, 0x0000000100000000)
  eden space 333312K, 0% used [0x00000000d7000000,0x00000000d7000000,0x00000000eb580000)
  from space 16896K, 51% used [0x00000000ee400000,0x00000000eec8e948,0x00000000ef480000)
  to   space 32256K, 0% used [0x00000000eb580000,0x00000000eb580000,0x00000000ed500000)
 ParOldGen       total 167936K, used 115858K [0x0000000085000000, 0x000000008f400000, 0x00000000d7000000)
  object space 167936K, 68% used [0x0000000085000000,0x000000008c124860,0x000000008f400000)
 Metaspace       used 227144K, capacity 278099K, committed 278160K, reserved 1253376K
  class space    used 57251K, capacity 73313K, committed 73360K, reserved 1048576K
}
Event: 2098,443 GC heap before
{Heap before GC invocations=62 (full 6):
 PSYoungGen      total 350208K, used 8762K [0x00000000d7000000, 0x00000000ef480000, 0x0000000100000000)
  eden space 333312K, 0% used [0x00000000d7000000,0x00000000d7000000,0x00000000eb580000)
  from space 16896K, 51% used [0x00000000ee400000,0x00000000eec8e948,0x00000000ef480000)
  to   space 32256K, 0% used [0x00000000eb580000,0x00000000eb580000,0x00000000ed500000)
 ParOldGen       total 167936K, used 115858K [0x0000000085000000, 0x000000008f400000, 0x00000000d7000000)
  object space 167936K, 68% used [0x0000000085000000,0x000000008c124860,0x000000008f400000)
 Metaspace       used 227144K, capacity 278099K, committed 278160K, reserved 1253376K
  class space    used 57251K, capacity 73313K, committed 73360K, reserved 1048576K

